0 info it worked if it ends with ok
1 verbose cli [ '/usr/local/Cellar/node/5.7.1/bin/node',
1 verbose cli   '/usr/local/bin/npm',
1 verbose cli   'install',
1 verbose cli   'cloc' ]
2 info using npm@3.6.0
3 info using node@v5.7.1
4 silly loadCurrentTree Starting
5 silly install loadCurrentTree
6 silly install readLocalPackageData
7 silly fetchPackageMetaData cloc
8 silly fetchNamedPackageData cloc
9 silly mapToRegistry name cloc
10 silly mapToRegistry using default registry
11 silly mapToRegistry registry https://registry.npmjs.org/
12 silly mapToRegistry uri https://registry.npmjs.org/cloc
13 verbose request uri https://registry.npmjs.org/cloc
14 verbose request no auth needed
15 info attempt registry request try #1 at 21:30:01
16 verbose request id 15b45cccca44b900
17 http request GET https://registry.npmjs.org/cloc
18 http 200 https://registry.npmjs.org/cloc
19 verbose headers { server: 'CouchDB/1.5.0 (Erlang OTP/R16B03)',
19 verbose headers   etag: '"1EJWH4J5M6GH7B6KAARN08S3"',
19 verbose headers   'content-type': 'application/json',
19 verbose headers   'cache-control': 'max-age=300',
19 verbose headers   'content-length': '34330',
19 verbose headers   'accept-ranges': 'bytes',
19 verbose headers   date: 'Tue, 10 May 2016 13:30:02 GMT',
19 verbose headers   via: '1.1 varnish',
19 verbose headers   age: '0',
19 verbose headers   connection: 'keep-alive',
19 verbose headers   'x-served-by': 'cache-fra1222-FRA',
19 verbose headers   'x-cache': 'MISS',
19 verbose headers   'x-cache-hits': '0',
19 verbose headers   'x-timer': 'S1462887002.547557,VS0,VE209',
19 verbose headers   vary: 'Accept-Encoding' }
20 silly get cb [ 200,
20 silly get   { server: 'CouchDB/1.5.0 (Erlang OTP/R16B03)',
20 silly get     etag: '"1EJWH4J5M6GH7B6KAARN08S3"',
20 silly get     'content-type': 'application/json',
20 silly get     'cache-control': 'max-age=300',
20 silly get     'content-length': '34330',
20 silly get     'accept-ranges': 'bytes',
20 silly get     date: 'Tue, 10 May 2016 13:30:02 GMT',
20 silly get     via: '1.1 varnish',
20 silly get     age: '0',
20 silly get     connection: 'keep-alive',
20 silly get     'x-served-by': 'cache-fra1222-FRA',
20 silly get     'x-cache': 'MISS',
20 silly get     'x-cache-hits': '0',
20 silly get     'x-timer': 'S1462887002.547557,VS0,VE209',
20 silly get     vary: 'Accept-Encoding' } ]
21 verbose get saving cloc to /Users/crazyLeaves/.npm/registry.npmjs.org/cloc/.cache.json
22 verbose correctMkdir /Users/crazyLeaves/.npm correctMkdir not in flight; initializing
23 verbose makeDirectory /Users/crazyLeaves/.npm creation not in flight; initializing
24 silly makeDirectory /Users/crazyLeaves/.npm uid: 501 gid: 20
25 silly install normalizeTree
26 silly loadCurrentTree Finishing
27 silly loadIdealTree Starting
28 silly install loadIdealTree
29 silly cloneCurrentTree Starting
30 silly install cloneCurrentTreeToIdealTree
31 silly cloneCurrentTree Finishing
32 silly loadShrinkwrap Starting
33 silly install loadShrinkwrap
34 silly loadShrinkwrap Finishing
35 silly loadAllDepsIntoIdealTree Starting
36 silly install loadAllDepsIntoIdealTree
37 silly resolveWithNewModule cloc@2.0.0 checking installable status
38 silly cache add args [ 'cloc', null ]
39 verbose cache add spec cloc
40 silly cache add parsed spec Result {
40 silly cache add   raw: 'cloc',
40 silly cache add   scope: null,
40 silly cache add   name: 'cloc',
40 silly cache add   rawSpec: '',
40 silly cache add   spec: 'latest',
40 silly cache add   type: 'tag' }
41 silly addNamed cloc@latest
42 verbose addNamed "latest" is being treated as a dist-tag for cloc
43 info addNameTag [ 'cloc', 'latest' ]
44 silly mapToRegistry name cloc
45 silly mapToRegistry using default registry
46 silly mapToRegistry registry https://registry.npmjs.org/
47 silly mapToRegistry uri https://registry.npmjs.org/cloc
48 verbose addNameTag registry:https://registry.npmjs.org/cloc not in flight; fetching
49 verbose request uri https://registry.npmjs.org/cloc
50 verbose request no auth needed
51 info attempt registry request try #1 at 21:30:22
52 http request GET https://registry.npmjs.org/cloc
53 info retry will retry, error on last attempt: Error: read ECONNRESET
54 info attempt registry request try #2 at 21:32:31
55 http request GET https://registry.npmjs.org/cloc
56 http 200 https://registry.npmjs.org/cloc
57 verbose headers { server: 'CouchDB/1.5.0 (Erlang OTP/R16B03)',
57 verbose headers   etag: '"1EJWH4J5M6GH7B6KAARN08S3"',
57 verbose headers   'content-type': 'application/json',
57 verbose headers   'cache-control': 'max-age=300',
57 verbose headers   'content-length': '34330',
57 verbose headers   'accept-ranges': 'bytes',
57 verbose headers   date: 'Tue, 10 May 2016 13:32:35 GMT',
57 verbose headers   via: '1.1 varnish',
57 verbose headers   age: '0',
57 verbose headers   connection: 'keep-alive',
57 verbose headers   'x-served-by': 'cache-ams4123-AMS',
57 verbose headers   'x-cache': 'MISS',
57 verbose headers   'x-cache-hits': '0',
57 verbose headers   'x-timer': 'S1462887154.604887,VS0,VE464',
57 verbose headers   vary: 'Accept-Encoding' }
58 silly get cb [ 200,
58 silly get   { server: 'CouchDB/1.5.0 (Erlang OTP/R16B03)',
58 silly get     etag: '"1EJWH4J5M6GH7B6KAARN08S3"',
58 silly get     'content-type': 'application/json',
58 silly get     'cache-control': 'max-age=300',
58 silly get     'content-length': '34330',
58 silly get     'accept-ranges': 'bytes',
58 silly get     date: 'Tue, 10 May 2016 13:32:35 GMT',
58 silly get     via: '1.1 varnish',
58 silly get     age: '0',
58 silly get     connection: 'keep-alive',
58 silly get     'x-served-by': 'cache-ams4123-AMS',
58 silly get     'x-cache': 'MISS',
58 silly get     'x-cache-hits': '0',
58 silly get     'x-timer': 'S1462887154.604887,VS0,VE464',
58 silly get     vary: 'Accept-Encoding' } ]
59 verbose get saving cloc to /Users/crazyLeaves/.npm/registry.npmjs.org/cloc/.cache.json
60 verbose correctMkdir /Users/crazyLeaves/.npm correctMkdir not in flight; initializing
61 silly addNameTag next cb for cloc with tag latest
62 silly addNamed cloc@2.0.0
63 verbose addNamed "2.0.0" is a plain semver version for cloc
64 silly mapToRegistry name cloc
65 silly mapToRegistry using default registry
66 silly mapToRegistry registry https://registry.npmjs.org/
67 silly mapToRegistry uri https://registry.npmjs.org/cloc
68 verbose addRemoteTarball https://registry.npmjs.org/cloc/-/cloc-2.0.0.tgz not in flight; adding
69 verbose addRemoteTarball [ 'https://registry.npmjs.org/cloc/-/cloc-2.0.0.tgz',
69 verbose addRemoteTarball   'defd1c75435963a130a85e4f892cb9f4e9f05476' ]
70 info retry fetch attempt 1 at 21:32:37
71 info attempt registry request try #1 at 21:32:37
72 http fetch GET https://registry.npmjs.org/cloc/-/cloc-2.0.0.tgz
73 http fetch 200 https://registry.npmjs.org/cloc/-/cloc-2.0.0.tgz
74 silly fetchAndShaCheck shasum defd1c75435963a130a85e4f892cb9f4e9f05476
75 verbose addTmpTarball /var/folders/7d/wxks4s3577zdcvpdzlbvrylc0000gn/T/npm-16490-fddc8d12/registry.npmjs.org/cloc/-/cloc-2.0.0.tgz not in flight; adding
76 verbose addTmpTarball already have metadata; skipping unpack for cloc@2.0.0
77 verbose correctMkdir /Users/crazyLeaves/.npm correctMkdir not in flight; initializing
78 silly rollbackFailedOptional Starting
79 silly rollbackFailedOptional Finishing
80 silly runTopLevelLifecycles Starting
81 silly runTopLevelLifecycles Finishing
82 silly install printInstalled
83 verbose stack Error: EACCES: permission denied, mkdir '/Users/crazyLeaves/.npm'
83 verbose stack     at Error (native)
84 verbose cwd /Users/crazyLeaves/ClionProjects/C++
85 error Darwin 15.4.0
86 error argv "/usr/local/Cellar/node/5.7.1/bin/node" "/usr/local/bin/npm" "install" "cloc"
87 error node v5.7.1
88 error npm  v3.6.0
89 error path /Users/crazyLeaves/.npm
90 error code EACCES
91 error errno -13
92 error syscall mkdir
93 error Error: EACCES: permission denied, mkdir '/Users/crazyLeaves/.npm'
93 error     at Error (native)
93 error  { [Error: EACCES: permission denied, mkdir '/Users/crazyLeaves/.npm']
93 error   errno: -13,
93 error   code: 'EACCES',
93 error   syscall: 'mkdir',
93 error   path: '/Users/crazyLeaves/.npm' }
94 error Please try running this command again as root/Administrator.
95 verbose exit [ -13, true ]
